01:12:15: START MLCA:
01:12:15: -----------------------------------------------
01:12:15: Model: GSVM
01:12:15: Seed SATS Instance: 44160
01:12:15: Qinit: 10
01:12:15: Qmax: 100
01:12:15: Qround: 4

01:12:15: Instantiate SATS Instance
01:12:15: ####### ATTENTION #######
01:12:15: isLegacyGSVM: False
01:12:15: #########################

01:12:17: INFO
01:12:17: -----------------------------------------------
01:12:17: Seed Auction Instance: 44160
01:12:17: Iteration of MLCA: 1
01:12:17: Number of Elicited Bids:
01:12:17: Bidder_0: 10
01:12:17: Bidder_1: 10
01:12:17: Bidder_2: 10
01:12:17: Bidder_3: 10
01:12:17: Bidder_4: 10
01:12:17: Bidder_5: 10
01:12:17: Bidder_6: 10
01:12:17: Qinit: 10 | Qround: 4 | Qmax: 100
01:12:17: Efficiency given elicited bids from iteration 0-0: 0.5266838036864878

01:13:14: INFO
01:13:14: -----------------------------------------------
01:13:14: Seed Auction Instance: 44160
01:13:14: Iteration of MLCA: 2
01:13:14: Number of Elicited Bids:
01:13:14: Bidder_0: 14
01:13:14: Bidder_1: 14
01:13:14: Bidder_2: 14
01:13:14: Bidder_3: 14
01:13:14: Bidder_4: 14
01:13:14: Bidder_5: 14
01:13:14: Bidder_6: 14
01:13:14: Qinit: 10 | Qround: 4 | Qmax: 100
01:13:14: Efficiency given elicited bids from iteration 0-1: 0.774596365356647

01:14:29: INFO
01:14:29: -----------------------------------------------
01:14:29: Seed Auction Instance: 44160
01:14:29: Iteration of MLCA: 3
01:14:29: Number of Elicited Bids:
01:14:29: Bidder_0: 18
01:14:29: Bidder_1: 18
01:14:29: Bidder_2: 18
01:14:29: Bidder_3: 18
01:14:29: Bidder_4: 18
01:14:29: Bidder_5: 18
01:14:29: Bidder_6: 18
01:14:29: Qinit: 10 | Qround: 4 | Qmax: 100
01:14:29: Efficiency given elicited bids from iteration 0-2: 0.8140511656815893

01:16:05: INFO
01:16:05: -----------------------------------------------
01:16:05: Seed Auction Instance: 44160
01:16:05: Iteration of MLCA: 4
01:16:05: Number of Elicited Bids:
01:16:05: Bidder_0: 22
01:16:05: Bidder_1: 22
01:16:05: Bidder_2: 22
01:16:05: Bidder_3: 22
01:16:05: Bidder_4: 22
01:16:05: Bidder_5: 22
01:16:05: Bidder_6: 22
01:16:05: Qinit: 10 | Qround: 4 | Qmax: 100
01:16:05: Efficiency given elicited bids from iteration 0-3: 0.8140511656815893

01:17:58: INFO
01:17:58: -----------------------------------------------
01:17:58: Seed Auction Instance: 44160
01:17:58: Iteration of MLCA: 5
01:17:58: Number of Elicited Bids:
01:17:58: Bidder_0: 26
01:17:58: Bidder_1: 26
01:17:58: Bidder_2: 26
01:17:58: Bidder_3: 26
01:17:58: Bidder_4: 26
01:17:58: Bidder_5: 26
01:17:58: Bidder_6: 26
01:17:58: Qinit: 10 | Qround: 4 | Qmax: 100
01:17:58: Efficiency given elicited bids from iteration 0-4: 0.8140511656815893

01:20:10: SUMMARY
01:20:10: -----------------------------------------------
01:20:10: Seed Auction Instance: 44160
01:20:10: Iteration of MLCA: 5
01:20:10: Number of Elicited Bids:
01:20:10: Bidder_0: 30
01:20:10: Bidder_1: 30
01:20:10: Bidder_2: 30
01:20:10: Bidder_3: 30
01:20:10: Bidder_4: 30
01:20:10: Bidder_5: 30
01:20:10: Bidder_6: 30
01:20:10: Qinit: 10 | Qround: 4 | Qmax: 100
01:20:10: TOTAL VARIABLES FORMULATED: 223312
01:20:10: TOTAL CONSTRAINTS FORMULATED: 404311
01:20:10: RELATIVE REVENUE: 0.2741822174949375
01:20:10: NORMAL OPTIMIZATIONS: 28/ BIDDER SPECIFIC: 112
01:20:10: EFFICIENCY: 100.0 %
01:20:10: TOTAL TIME ELAPSED: 0d 0h:7m:55s
01:20:10: MLCA FINISHED
01:20:12: START MLCA:
01:20:12: -----------------------------------------------
01:20:12: Model: LSVM
01:20:12: Seed SATS Instance: 44160
01:20:12: Qinit: 10
01:20:12: Qmax: 100
01:20:12: Qround: 4

01:20:12: Instantiate SATS Instance
01:20:13: ####### ATTENTION #######
01:20:13: isLegacyLSVM: False
01:20:13: #########################

01:20:17: INFO
01:20:17: -----------------------------------------------
01:20:17: Seed Auction Instance: 44160
01:20:17: Iteration of MLCA: 1
01:20:17: Number of Elicited Bids:
01:20:17: Bidder_0: 10
01:20:17: Bidder_1: 10
01:20:17: Bidder_2: 10
01:20:17: Bidder_3: 10
01:20:17: Bidder_4: 10
01:20:17: Bidder_5: 10
01:20:17: Qinit: 10 | Qround: 4 | Qmax: 100
01:20:17: Efficiency given elicited bids from iteration 0-0: 0.6441126659266425

01:23:31: INFO
01:23:31: -----------------------------------------------
01:23:31: Seed Auction Instance: 44160
01:23:31: Iteration of MLCA: 2
01:23:31: Number of Elicited Bids:
01:23:31: Bidder_0: 14
01:23:31: Bidder_1: 14
01:23:31: Bidder_2: 14
01:23:31: Bidder_3: 14
01:23:31: Bidder_4: 14
01:23:31: Bidder_5: 14
01:23:31: Qinit: 10 | Qround: 4 | Qmax: 100
01:23:31: Efficiency given elicited bids from iteration 0-1: 0.7450123863462437

01:27:37: INFO
01:27:37: -----------------------------------------------
01:27:37: Seed Auction Instance: 44160
01:27:37: Iteration of MLCA: 3
01:27:37: Number of Elicited Bids:
01:27:37: Bidder_0: 18
01:27:37: Bidder_1: 18
01:27:37: Bidder_2: 18
01:27:37: Bidder_3: 18
01:27:37: Bidder_4: 18
01:27:37: Bidder_5: 18
01:27:37: Qinit: 10 | Qround: 4 | Qmax: 100
01:27:37: Efficiency given elicited bids from iteration 0-2: 0.91249027420077

01:32:29: INFO
01:32:29: -----------------------------------------------
01:32:29: Seed Auction Instance: 44160
01:32:29: Iteration of MLCA: 4
01:32:29: Number of Elicited Bids:
01:32:29: Bidder_0: 22
01:32:29: Bidder_1: 22
01:32:29: Bidder_2: 22
01:32:29: Bidder_3: 22
01:32:29: Bidder_4: 22
01:32:29: Bidder_5: 22
01:32:29: Qinit: 10 | Qround: 4 | Qmax: 100
01:32:29: Efficiency given elicited bids from iteration 0-3: 0.9228580589371851

01:37:07: INFO
01:37:07: -----------------------------------------------
01:37:07: Seed Auction Instance: 44160
01:37:07: Iteration of MLCA: 5
01:37:07: Number of Elicited Bids:
01:37:07: Bidder_0: 26
01:37:07: Bidder_1: 26
01:37:07: Bidder_2: 26
01:37:07: Bidder_3: 26
01:37:07: Bidder_4: 26
01:37:07: Bidder_5: 26
01:37:07: Qinit: 10 | Qround: 4 | Qmax: 100
01:37:07: Efficiency given elicited bids from iteration 0-4: 0.9650622633161234

01:41:38: INFO
01:41:38: -----------------------------------------------
01:41:38: Seed Auction Instance: 44160
01:41:38: Iteration of MLCA: 6
01:41:38: Number of Elicited Bids:
01:41:38: Bidder_0: 30
01:41:38: Bidder_1: 30
01:41:38: Bidder_2: 30
01:41:38: Bidder_3: 30
01:41:38: Bidder_4: 30
01:41:38: Bidder_5: 30
01:41:38: Qinit: 10 | Qround: 4 | Qmax: 100
01:41:38: Efficiency given elicited bids from iteration 0-5: 0.9650622633161233

01:44:54: Already elicited bundle returned.
01:44:54: -----------------------------------------------
01:44:54: NOT SUCCESSFULLY SOLVED in attempt: 1 

01:44:54: FOR REASON: Already elicited bundle returned.
01:44:54: <mlca_src.gurobi_wrapper.SolveDetails object at 0x7f84b12c2b10>
01:45:31: Already elicited bundle returned.
01:45:31: -----------------------------------------------
01:45:31: NOT SUCCESSFULLY SOLVED in attempt: 2 

01:45:31: FOR REASON: Already elicited bundle returned.
01:45:31: <mlca_src.gurobi_wrapper.SolveDetails object at 0x7f84b1660b90>
01:47:38: INFO
01:47:38: -----------------------------------------------
01:47:38: Seed Auction Instance: 44160
01:47:38: Iteration of MLCA: 7
01:47:38: Number of Elicited Bids:
01:47:38: Bidder_0: 34
01:47:38: Bidder_1: 34
01:47:38: Bidder_2: 34
01:47:38: Bidder_3: 34
01:47:38: Bidder_4: 34
01:47:38: Bidder_5: 34
01:47:38: Qinit: 10 | Qround: 4 | Qmax: 100
01:47:38: Efficiency given elicited bids from iteration 0-6: 0.9975077421542617

01:53:12: SUMMARY
01:53:12: -----------------------------------------------
01:53:12: Seed Auction Instance: 44160
01:53:12: Iteration of MLCA: 7
01:53:12: Number of Elicited Bids:
01:53:12: Bidder_0: 38
01:53:12: Bidder_1: 38
01:53:12: Bidder_2: 38
01:53:12: Bidder_3: 38
01:53:12: Bidder_4: 38
01:53:12: Bidder_5: 38
01:53:12: Qinit: 10 | Qround: 4 | Qmax: 100
01:53:12: TOTAL VARIABLES FORMULATED: 203811
01:53:12: TOTAL CONSTRAINTS FORMULATED: 374108
01:53:12: RELATIVE REVENUE: 0.7174139986214242
01:53:12: NORMAL OPTIMIZATIONS: 29/ BIDDER SPECIFIC: 139
01:53:12: EFFICIENCY: 100.0 %
01:53:12: TOTAL TIME ELAPSED: 0d 0h:32m:59s
01:53:12: MLCA FINISHED
01:53:14: START MLCA:
01:53:14: -----------------------------------------------
01:53:14: Model: GSVM
01:53:14: Seed SATS Instance: 44160
01:53:14: Qinit: 10
01:53:14: Qmax: 100
01:53:14: Qround: 4

01:53:14: Instantiate SATS Instance
01:53:14: ####### ATTENTION #######
01:53:14: isLegacyGSVM: False
01:53:14: #########################

01:53:16: INFO
01:53:16: -----------------------------------------------
01:53:16: Seed Auction Instance: 44160
01:53:16: Iteration of MLCA: 1
01:53:16: Number of Elicited Bids:
01:53:16: Bidder_0: 10
01:53:16: Bidder_1: 10
01:53:16: Bidder_2: 10
01:53:16: Bidder_3: 10
01:53:16: Bidder_4: 10
01:53:16: Bidder_5: 10
01:53:16: Bidder_6: 10
01:53:16: Qinit: 10 | Qround: 4 | Qmax: 100
01:53:16: Efficiency given elicited bids from iteration 0-0: 0.5266838036864878

01:54:49: INFO
01:54:49: -----------------------------------------------
01:54:49: Seed Auction Instance: 44160
01:54:49: Iteration of MLCA: 2
01:54:49: Number of Elicited Bids:
01:54:49: Bidder_0: 14
01:54:49: Bidder_1: 14
01:54:49: Bidder_2: 14
01:54:49: Bidder_3: 14
01:54:49: Bidder_4: 14
01:54:49: Bidder_5: 14
01:54:49: Bidder_6: 14
01:54:49: Qinit: 10 | Qround: 4 | Qmax: 100
01:54:49: Efficiency given elicited bids from iteration 0-1: 0.6962031308553209

01:56:27: INFO
01:56:27: -----------------------------------------------
01:56:27: Seed Auction Instance: 44160
01:56:27: Iteration of MLCA: 3
01:56:27: Number of Elicited Bids:
01:56:27: Bidder_0: 18
01:56:27: Bidder_1: 18
01:56:27: Bidder_2: 18
01:56:27: Bidder_3: 18
01:56:27: Bidder_4: 18
01:56:27: Bidder_5: 18
01:56:27: Bidder_6: 18
01:56:27: Qinit: 10 | Qround: 4 | Qmax: 100
01:56:27: Efficiency given elicited bids from iteration 0-2: 0.8368049395746102

01:58:25: INFO
01:58:25: -----------------------------------------------
01:58:25: Seed Auction Instance: 44160
01:58:25: Iteration of MLCA: 4
01:58:25: Number of Elicited Bids:
01:58:25: Bidder_0: 22
01:58:25: Bidder_1: 22
01:58:25: Bidder_2: 22
01:58:25: Bidder_3: 22
01:58:25: Bidder_4: 22
01:58:25: Bidder_5: 22
01:58:25: Bidder_6: 22
01:58:25: Qinit: 10 | Qround: 4 | Qmax: 100
01:58:25: Efficiency given elicited bids from iteration 0-3: 0.9083229238305218

02:00:44: SUMMARY
02:00:44: -----------------------------------------------
02:00:44: Seed Auction Instance: 44160
02:00:44: Iteration of MLCA: 4
02:00:44: Number of Elicited Bids:
02:00:44: Bidder_0: 26
02:00:44: Bidder_1: 26
02:00:44: Bidder_2: 26
02:00:44: Bidder_3: 26
02:00:44: Bidder_4: 26
02:00:44: Bidder_5: 26
02:00:44: Bidder_6: 26
02:00:44: Qinit: 10 | Qround: 4 | Qmax: 100
02:00:44: TOTAL VARIABLES FORMULATED: 124121
02:00:44: TOTAL CONSTRAINTS FORMULATED: 114575
02:00:44: RELATIVE REVENUE: 0.38220411479616867
02:00:44: NORMAL OPTIMIZATIONS: 40/ BIDDER SPECIFIC: 72
02:00:44: EFFICIENCY: 100.0 %
02:00:44: TOTAL TIME ELAPSED: 0d 0h:7m:30s
02:00:44: MLCA FINISHED
02:00:46: START MLCA:
02:00:46: -----------------------------------------------
02:00:46: Model: LSVM
02:00:46: Seed SATS Instance: 44160
02:00:46: Qinit: 10
02:00:46: Qmax: 100
02:00:46: Qround: 4

02:00:46: Instantiate SATS Instance
02:00:47: ####### ATTENTION #######
02:00:47: isLegacyLSVM: False
02:00:47: #########################

02:00:47: INFO
02:00:47: -----------------------------------------------
02:00:47: Seed Auction Instance: 44160
02:00:47: Iteration of MLCA: 1
02:00:47: Number of Elicited Bids:
02:00:47: Bidder_0: 10
02:00:47: Bidder_1: 10
02:00:47: Bidder_2: 10
02:00:47: Bidder_3: 10
02:00:47: Bidder_4: 10
02:00:47: Bidder_5: 10
02:00:47: Qinit: 10 | Qround: 4 | Qmax: 100
02:00:47: Efficiency given elicited bids from iteration 0-0: 0.6441126659266425

02:02:58: INFO
02:02:58: -----------------------------------------------
02:02:58: Seed Auction Instance: 44160
02:02:58: Iteration of MLCA: 2
02:02:58: Number of Elicited Bids:
02:02:58: Bidder_0: 14
02:02:58: Bidder_1: 14
02:02:58: Bidder_2: 14
02:02:58: Bidder_3: 14
02:02:58: Bidder_4: 14
02:02:58: Bidder_5: 14
02:02:58: Qinit: 10 | Qround: 4 | Qmax: 100
02:02:58: Efficiency given elicited bids from iteration 0-1: 0.7937715202819098

02:05:53: INFO
02:05:53: -----------------------------------------------
02:05:53: Seed Auction Instance: 44160
02:05:53: Iteration of MLCA: 3
02:05:53: Number of Elicited Bids:
02:05:53: Bidder_0: 18
02:05:53: Bidder_1: 18
02:05:53: Bidder_2: 18
02:05:53: Bidder_3: 18
02:05:53: Bidder_4: 18
02:05:53: Bidder_5: 18
02:05:53: Qinit: 10 | Qround: 4 | Qmax: 100
02:05:53: Efficiency given elicited bids from iteration 0-2: 0.7937715202819098

02:08:59: INFO
02:08:59: -----------------------------------------------
02:08:59: Seed Auction Instance: 44160
02:08:59: Iteration of MLCA: 4
02:08:59: Number of Elicited Bids:
02:08:59: Bidder_0: 22
02:08:59: Bidder_1: 22
02:08:59: Bidder_2: 22
02:08:59: Bidder_3: 22
02:08:59: Bidder_4: 22
02:08:59: Bidder_5: 22
02:08:59: Qinit: 10 | Qround: 4 | Qmax: 100
02:08:59: Efficiency given elicited bids from iteration 0-3: 0.9583455381722535

02:12:22: INFO
02:12:22: -----------------------------------------------
02:12:22: Seed Auction Instance: 44160
02:12:22: Iteration of MLCA: 5
02:12:22: Number of Elicited Bids:
02:12:22: Bidder_0: 26
02:12:22: Bidder_1: 26
02:12:22: Bidder_2: 26
02:12:22: Bidder_3: 26
02:12:22: Bidder_4: 26
02:12:22: Bidder_5: 26
02:12:22: Qinit: 10 | Qround: 4 | Qmax: 100
02:12:22: Efficiency given elicited bids from iteration 0-4: 0.9583455381722535

02:16:23: INFO
02:16:23: -----------------------------------------------
02:16:23: Seed Auction Instance: 44160
02:16:23: Iteration of MLCA: 6
02:16:23: Number of Elicited Bids:
02:16:23: Bidder_0: 30
02:16:23: Bidder_1: 30
02:16:23: Bidder_2: 30
02:16:23: Bidder_3: 30
02:16:23: Bidder_4: 30
02:16:23: Bidder_5: 30
02:16:23: Qinit: 10 | Qround: 4 | Qmax: 100
02:16:23: Efficiency given elicited bids from iteration 0-5: 0.9583455381722535

02:20:21: INFO
02:20:21: -----------------------------------------------
02:20:21: Seed Auction Instance: 44160
02:20:21: Iteration of MLCA: 7
02:20:21: Number of Elicited Bids:
02:20:21: Bidder_0: 34
02:20:21: Bidder_1: 34
02:20:21: Bidder_2: 34
02:20:21: Bidder_3: 34
02:20:21: Bidder_4: 34
02:20:21: Bidder_5: 34
02:20:21: Qinit: 10 | Qround: 4 | Qmax: 100
02:20:21: Efficiency given elicited bids from iteration 0-6: 0.9583455381722535

02:24:28: INFO
02:24:28: -----------------------------------------------
02:24:28: Seed Auction Instance: 44160
02:24:28: Iteration of MLCA: 8
02:24:28: Number of Elicited Bids:
02:24:28: Bidder_0: 38
02:24:28: Bidder_1: 38
02:24:28: Bidder_2: 38
02:24:28: Bidder_3: 38
02:24:28: Bidder_4: 38
02:24:28: Bidder_5: 38
02:24:28: Qinit: 10 | Qround: 4 | Qmax: 100
02:24:28: Efficiency given elicited bids from iteration 0-7: 0.972330723352476

02:27:33: INFO
02:27:33: -----------------------------------------------
02:27:33: Seed Auction Instance: 44160
02:27:33: Iteration of MLCA: 9
02:27:33: Number of Elicited Bids:
02:27:33: Bidder_0: 42
02:27:33: Bidder_1: 42
02:27:33: Bidder_2: 42
02:27:33: Bidder_3: 42
02:27:33: Bidder_4: 42
02:27:33: Bidder_5: 42
02:27:33: Qinit: 10 | Qround: 4 | Qmax: 100
02:27:33: Efficiency given elicited bids from iteration 0-8: 0.972330723352476

02:31:21: INFO
02:31:21: -----------------------------------------------
02:31:21: Seed Auction Instance: 44160
02:31:21: Iteration of MLCA: 10
02:31:21: Number of Elicited Bids:
02:31:21: Bidder_0: 46
02:31:21: Bidder_1: 46
02:31:21: Bidder_2: 46
02:31:21: Bidder_3: 46
02:31:21: Bidder_4: 46
02:31:21: Bidder_5: 46
02:31:21: Qinit: 10 | Qround: 4 | Qmax: 100
02:31:21: Efficiency given elicited bids from iteration 0-9: 0.972330723352476

02:35:46: INFO
02:35:46: -----------------------------------------------
02:35:46: Seed Auction Instance: 44160
02:35:46: Iteration of MLCA: 11
02:35:46: Number of Elicited Bids:
02:35:46: Bidder_0: 50
02:35:46: Bidder_1: 50
02:35:46: Bidder_2: 50
02:35:46: Bidder_3: 50
02:35:46: Bidder_4: 50
02:35:46: Bidder_5: 50
02:35:46: Qinit: 10 | Qround: 4 | Qmax: 100
02:35:46: Efficiency given elicited bids from iteration 0-10: 0.972330723352476

02:39:55: INFO
02:39:55: -----------------------------------------------
02:39:55: Seed Auction Instance: 44160
02:39:55: Iteration of MLCA: 12
02:39:55: Number of Elicited Bids:
02:39:55: Bidder_0: 54
02:39:55: Bidder_1: 54
02:39:55: Bidder_2: 54
02:39:55: Bidder_3: 54
02:39:55: Bidder_4: 54
02:39:55: Bidder_5: 54
02:39:55: Qinit: 10 | Qround: 4 | Qmax: 100
02:39:55: Efficiency given elicited bids from iteration 0-11: 0.9975077421542617

02:47:42: SUMMARY
02:47:42: -----------------------------------------------
02:47:42: Seed Auction Instance: 44160
02:47:42: Iteration of MLCA: 12
02:47:42: Number of Elicited Bids:
02:47:42: Bidder_0: 58
02:47:42: Bidder_1: 58
02:47:42: Bidder_2: 58
02:47:42: Bidder_3: 58
02:47:42: Bidder_4: 58
02:47:42: Bidder_5: 58
02:47:42: Qinit: 10 | Qround: 4 | Qmax: 100
02:47:42: TOTAL VARIABLES FORMULATED: 282660
02:47:42: TOTAL CONSTRAINTS FORMULATED: 262683
02:47:42: RELATIVE REVENUE: 0.735493225154131
02:47:42: NORMAL OPTIMIZATIONS: 54/ BIDDER SPECIFIC: 234
02:47:42: EFFICIENCY: 100.0 %
02:47:42: TOTAL TIME ELAPSED: 0d 0h:46m:55s
02:47:42: MLCA FINISHED
