12:18:08: START MLCA:
12:18:08: -----------------------------------------------
12:18:08: Model: GSVM
12:18:08: Seed SATS Instance: 74687
12:18:08: Qinit: 10
12:18:08: Qmax: 100
12:18:08: Qround: 4

12:18:08: Instantiate SATS Instance
12:18:09: ####### ATTENTION #######
12:18:09: isLegacyGSVM: False
12:18:09: #########################

12:18:12: INFO
12:18:12: -----------------------------------------------
12:18:12: Seed Auction Instance: 74687
12:18:12: Iteration of MLCA: 1
12:18:12: Number of Elicited Bids:
12:18:12: Bidder_0: 10
12:18:12: Bidder_1: 10
12:18:12: Bidder_2: 10
12:18:12: Bidder_3: 10
12:18:12: Bidder_4: 10
12:18:12: Bidder_5: 10
12:18:12: Bidder_6: 10
12:18:12: Qinit: 10 | Qround: 4 | Qmax: 100
12:18:12: Efficiency given elicited bids from iteration 0-0: 2.749011068145649

12:19:13: INFO
12:19:13: -----------------------------------------------
12:19:13: Seed Auction Instance: 74687
12:19:13: Iteration of MLCA: 2
12:19:13: Number of Elicited Bids:
12:19:13: Bidder_0: 14
12:19:13: Bidder_1: 14
12:19:13: Bidder_2: 14
12:19:13: Bidder_3: 14
12:19:13: Bidder_4: 14
12:19:13: Bidder_5: 14
12:19:13: Bidder_6: 14
12:19:13: Qinit: 10 | Qround: 4 | Qmax: 100
12:19:13: Efficiency given elicited bids from iteration 0-1: 4.664860334710071

12:20:31: INFO
12:20:31: -----------------------------------------------
12:20:31: Seed Auction Instance: 74687
12:20:31: Iteration of MLCA: 3
12:20:31: Number of Elicited Bids:
12:20:31: Bidder_0: 18
12:20:31: Bidder_1: 18
12:20:31: Bidder_2: 18
12:20:31: Bidder_3: 18
12:20:31: Bidder_4: 18
12:20:31: Bidder_5: 18
12:20:31: Bidder_6: 18
12:20:31: Qinit: 10 | Qround: 4 | Qmax: 100
12:20:31: Efficiency given elicited bids from iteration 0-2: 4.757041059702621

12:22:10: INFO
12:22:10: -----------------------------------------------
12:22:10: Seed Auction Instance: 74687
12:22:10: Iteration of MLCA: 4
12:22:10: Number of Elicited Bids:
12:22:10: Bidder_0: 22
12:22:10: Bidder_1: 22
12:22:10: Bidder_2: 22
12:22:10: Bidder_3: 22
12:22:10: Bidder_4: 22
12:22:10: Bidder_5: 22
12:22:10: Bidder_6: 22
12:22:10: Qinit: 10 | Qround: 4 | Qmax: 100
12:22:10: Efficiency given elicited bids from iteration 0-3: 4.757041059702621

12:24:12: INFO
12:24:12: -----------------------------------------------
12:24:12: Seed Auction Instance: 74687
12:24:12: Iteration of MLCA: 5
12:24:12: Number of Elicited Bids:
12:24:12: Bidder_0: 26
12:24:12: Bidder_1: 26
12:24:12: Bidder_2: 26
12:24:12: Bidder_3: 26
12:24:12: Bidder_4: 26
12:24:12: Bidder_5: 26
12:24:12: Bidder_6: 26
12:24:12: Qinit: 10 | Qround: 4 | Qmax: 100
12:24:12: Efficiency given elicited bids from iteration 0-4: 4.757041059702621

12:26:39: INFO
12:26:39: -----------------------------------------------
12:26:39: Seed Auction Instance: 74687
12:26:39: Iteration of MLCA: 6
12:26:39: Number of Elicited Bids:
12:26:39: Bidder_0: 30
12:26:39: Bidder_1: 30
12:26:39: Bidder_2: 30
12:26:39: Bidder_3: 30
12:26:39: Bidder_4: 30
12:26:39: Bidder_5: 30
12:26:39: Bidder_6: 30
12:26:39: Qinit: 10 | Qround: 4 | Qmax: 100
12:26:39: Efficiency given elicited bids from iteration 0-5: 4.757041059702621

12:29:05: INFO
12:29:05: -----------------------------------------------
12:29:05: Seed Auction Instance: 74687
12:29:05: Iteration of MLCA: 7
12:29:05: Number of Elicited Bids:
12:29:05: Bidder_0: 34
12:29:05: Bidder_1: 34
12:29:05: Bidder_2: 34
12:29:05: Bidder_3: 34
12:29:05: Bidder_4: 34
12:29:05: Bidder_5: 34
12:29:05: Bidder_6: 34
12:29:05: Qinit: 10 | Qround: 4 | Qmax: 100
12:29:05: Efficiency given elicited bids from iteration 0-6: 4.757041059702621

12:32:07: INFO
12:32:07: -----------------------------------------------
12:32:07: Seed Auction Instance: 74687
12:32:07: Iteration of MLCA: 8
12:32:07: Number of Elicited Bids:
12:32:07: Bidder_0: 38
12:32:07: Bidder_1: 38
12:32:07: Bidder_2: 38
12:32:07: Bidder_3: 38
12:32:07: Bidder_4: 38
12:32:07: Bidder_5: 38
12:32:07: Bidder_6: 38
12:32:07: Qinit: 10 | Qround: 4 | Qmax: 100
12:32:07: Efficiency given elicited bids from iteration 0-7: 4.757041059702621

12:35:28: INFO
12:35:28: -----------------------------------------------
12:35:28: Seed Auction Instance: 74687
12:35:28: Iteration of MLCA: 9
12:35:28: Number of Elicited Bids:
12:35:28: Bidder_0: 42
12:35:28: Bidder_1: 42
12:35:28: Bidder_2: 42
12:35:28: Bidder_3: 42
12:35:28: Bidder_4: 42
12:35:28: Bidder_5: 42
12:35:28: Bidder_6: 42
12:35:28: Qinit: 10 | Qround: 4 | Qmax: 100
12:35:28: Efficiency given elicited bids from iteration 0-8: 4.757041059702621

12:39:12: INFO
12:39:12: -----------------------------------------------
12:39:12: Seed Auction Instance: 74687
12:39:12: Iteration of MLCA: 10
12:39:12: Number of Elicited Bids:
12:39:12: Bidder_0: 46
12:39:12: Bidder_1: 46
12:39:12: Bidder_2: 46
12:39:12: Bidder_3: 46
12:39:12: Bidder_4: 46
12:39:12: Bidder_5: 46
12:39:12: Bidder_6: 46
12:39:12: Qinit: 10 | Qround: 4 | Qmax: 100
12:39:12: Efficiency given elicited bids from iteration 0-9: 4.757041059702621

12:43:11: INFO
12:43:11: -----------------------------------------------
12:43:11: Seed Auction Instance: 74687
12:43:11: Iteration of MLCA: 11
12:43:11: Number of Elicited Bids:
12:43:11: Bidder_0: 50
12:43:11: Bidder_1: 50
12:43:11: Bidder_2: 50
12:43:11: Bidder_3: 50
12:43:11: Bidder_4: 50
12:43:11: Bidder_5: 50
12:43:11: Bidder_6: 50
12:43:11: Qinit: 10 | Qround: 4 | Qmax: 100
12:43:11: Efficiency given elicited bids from iteration 0-10: 4.757041059702621

12:46:50: INFO
12:46:50: -----------------------------------------------
12:46:50: Seed Auction Instance: 74687
12:46:50: Iteration of MLCA: 12
12:46:50: Number of Elicited Bids:
12:46:50: Bidder_0: 54
12:46:50: Bidder_1: 54
12:46:50: Bidder_2: 54
12:46:50: Bidder_3: 54
12:46:50: Bidder_4: 54
12:46:50: Bidder_5: 54
12:46:50: Bidder_6: 54
12:46:50: Qinit: 10 | Qround: 4 | Qmax: 100
12:46:50: Efficiency given elicited bids from iteration 0-11: 4.757041059702621

12:51:21: INFO
12:51:21: -----------------------------------------------
12:51:21: Seed Auction Instance: 74687
12:51:21: Iteration of MLCA: 13
12:51:21: Number of Elicited Bids:
12:51:21: Bidder_0: 58
12:51:21: Bidder_1: 58
12:51:21: Bidder_2: 58
12:51:21: Bidder_3: 58
12:51:21: Bidder_4: 58
12:51:21: Bidder_5: 58
12:51:21: Bidder_6: 58
12:51:21: Qinit: 10 | Qround: 4 | Qmax: 100
12:51:21: Efficiency given elicited bids from iteration 0-12: 4.757041059702621

12:55:58: INFO
12:55:58: -----------------------------------------------
12:55:58: Seed Auction Instance: 74687
12:55:58: Iteration of MLCA: 14
12:55:58: Number of Elicited Bids:
12:55:58: Bidder_0: 62
12:55:58: Bidder_1: 62
12:55:58: Bidder_2: 62
12:55:58: Bidder_3: 62
12:55:58: Bidder_4: 62
12:55:58: Bidder_5: 62
12:55:58: Bidder_6: 62
12:55:58: Qinit: 10 | Qround: 4 | Qmax: 100
12:55:58: Efficiency given elicited bids from iteration 0-13: 4.757041059702621

13:00:52: INFO
13:00:52: -----------------------------------------------
13:00:52: Seed Auction Instance: 74687
13:00:52: Iteration of MLCA: 15
13:00:52: Number of Elicited Bids:
13:00:52: Bidder_0: 66
13:00:52: Bidder_1: 66
13:00:52: Bidder_2: 66
13:00:52: Bidder_3: 66
13:00:52: Bidder_4: 66
13:00:52: Bidder_5: 66
13:00:52: Bidder_6: 66
13:00:52: Qinit: 10 | Qround: 4 | Qmax: 100
13:00:52: Efficiency given elicited bids from iteration 0-14: 4.757041059702621

13:06:02: INFO
13:06:02: -----------------------------------------------
13:06:02: Seed Auction Instance: 74687
13:06:02: Iteration of MLCA: 16
13:06:02: Number of Elicited Bids:
13:06:02: Bidder_0: 70
13:06:02: Bidder_1: 70
13:06:02: Bidder_2: 70
13:06:02: Bidder_3: 70
13:06:02: Bidder_4: 70
13:06:02: Bidder_5: 70
13:06:02: Bidder_6: 70
13:06:02: Qinit: 10 | Qround: 4 | Qmax: 100
13:06:02: Efficiency given elicited bids from iteration 0-15: 4.757041059702621

13:11:26: INFO
13:11:26: -----------------------------------------------
13:11:26: Seed Auction Instance: 74687
13:11:26: Iteration of MLCA: 17
13:11:26: Number of Elicited Bids:
13:11:26: Bidder_0: 74
13:11:26: Bidder_1: 74
13:11:26: Bidder_2: 74
13:11:26: Bidder_3: 74
13:11:26: Bidder_4: 74
13:11:26: Bidder_5: 74
13:11:26: Bidder_6: 74
13:11:26: Qinit: 10 | Qround: 4 | Qmax: 100
13:11:26: Efficiency given elicited bids from iteration 0-16: 4.757041059702621

13:17:08: INFO
13:17:08: -----------------------------------------------
13:17:08: Seed Auction Instance: 74687
13:17:08: Iteration of MLCA: 18
13:17:08: Number of Elicited Bids:
13:17:08: Bidder_0: 78
13:17:08: Bidder_1: 78
13:17:08: Bidder_2: 78
13:17:08: Bidder_3: 78
13:17:08: Bidder_4: 78
13:17:08: Bidder_5: 78
13:17:08: Bidder_6: 78
13:17:08: Qinit: 10 | Qround: 4 | Qmax: 100
13:17:08: Efficiency given elicited bids from iteration 0-17: 4.757041059702621

13:23:02: INFO
13:23:02: -----------------------------------------------
13:23:02: Seed Auction Instance: 74687
13:23:02: Iteration of MLCA: 19
13:23:02: Number of Elicited Bids:
13:23:02: Bidder_0: 82
13:23:02: Bidder_1: 82
13:23:02: Bidder_2: 82
13:23:02: Bidder_3: 82
13:23:02: Bidder_4: 82
13:23:02: Bidder_5: 82
13:23:02: Bidder_6: 82
13:23:02: Qinit: 10 | Qround: 4 | Qmax: 100
13:23:02: Efficiency given elicited bids from iteration 0-18: 4.757041059702621

13:28:40: INFO
13:28:40: -----------------------------------------------
13:28:40: Seed Auction Instance: 74687
13:28:40: Iteration of MLCA: 20
13:28:40: Number of Elicited Bids:
13:28:40: Bidder_0: 86
13:28:40: Bidder_1: 86
13:28:40: Bidder_2: 86
13:28:40: Bidder_3: 86
13:28:40: Bidder_4: 86
13:28:40: Bidder_5: 86
13:28:40: Bidder_6: 86
13:28:40: Qinit: 10 | Qround: 4 | Qmax: 100
13:28:40: Efficiency given elicited bids from iteration 0-19: 4.757041059702621

13:35:05: INFO
13:35:05: -----------------------------------------------
13:35:05: Seed Auction Instance: 74687
13:35:05: Iteration of MLCA: 21
13:35:05: Number of Elicited Bids:
13:35:05: Bidder_0: 90
13:35:05: Bidder_1: 90
13:35:05: Bidder_2: 90
13:35:05: Bidder_3: 90
13:35:05: Bidder_4: 90
13:35:05: Bidder_5: 90
13:35:05: Bidder_6: 90
13:35:05: Qinit: 10 | Qround: 4 | Qmax: 100
13:35:05: Efficiency given elicited bids from iteration 0-20: 4.757041059702621

13:41:46: INFO
13:41:46: -----------------------------------------------
13:41:46: Seed Auction Instance: 74687
13:41:46: Iteration of MLCA: 22
13:41:46: Number of Elicited Bids:
13:41:46: Bidder_0: 94
13:41:46: Bidder_1: 94
13:41:46: Bidder_2: 94
13:41:46: Bidder_3: 94
13:41:46: Bidder_4: 94
13:41:46: Bidder_5: 94
13:41:46: Bidder_6: 94
13:41:46: Qinit: 10 | Qround: 4 | Qmax: 100
13:41:46: Efficiency given elicited bids from iteration 0-21: 4.757041059702621

13:48:44: SUMMARY
13:48:44: -----------------------------------------------
13:48:44: Seed Auction Instance: 74687
13:48:44: Iteration of MLCA: 22
13:48:44: Number of Elicited Bids:
13:48:44: Bidder_0: 98
13:48:44: Bidder_1: 98
13:48:44: Bidder_2: 98
13:48:44: Bidder_3: 98
13:48:44: Bidder_4: 98
13:48:44: Bidder_5: 98
13:48:44: Bidder_6: 98
13:48:44: Qinit: 10 | Qround: 4 | Qmax: 100
13:48:44: TOTAL VARIABLES FORMULATED: 1082165
13:48:44: TOTAL CONSTRAINTS FORMULATED: 1962288
13:48:44: RELATIVE REVENUE: 4.074694353318086
13:48:44: NORMAL OPTIMIZATIONS: 33/ BIDDER SPECIFIC: 583
13:48:44: EFFICIENCY: 475.7 %
13:48:44: TOTAL TIME ELAPSED: 0d 1h:30m:36s
13:48:44: MLCA FINISHED
13:48:47: START MLCA:
13:48:47: -----------------------------------------------
13:48:47: Model: LSVM
13:48:47: Seed SATS Instance: 74687
13:48:47: Qinit: 10
13:48:47: Qmax: 100
13:48:47: Qround: 4

13:48:47: Instantiate SATS Instance
13:48:48: ####### ATTENTION #######
13:48:48: isLegacyLSVM: False
13:48:48: #########################

13:48:58: INFO
13:48:58: -----------------------------------------------
13:48:58: Seed Auction Instance: 74687
13:48:58: Iteration of MLCA: 1
13:48:58: Number of Elicited Bids:
13:48:58: Bidder_0: 10
13:48:58: Bidder_1: 10
13:48:58: Bidder_2: 10
13:48:58: Bidder_3: 10
13:48:58: Bidder_4: 10
13:48:58: Bidder_5: 10
13:48:58: Qinit: 10 | Qround: 4 | Qmax: 100
13:48:58: Efficiency given elicited bids from iteration 0-0: 0.6073883957507191

13:54:54: INFO
13:54:54: -----------------------------------------------
13:54:54: Seed Auction Instance: 74687
13:54:54: Iteration of MLCA: 2
13:54:54: Number of Elicited Bids:
13:54:54: Bidder_0: 14
13:54:54: Bidder_1: 14
13:54:54: Bidder_2: 14
13:54:54: Bidder_3: 14
13:54:54: Bidder_4: 14
13:54:54: Bidder_5: 14
13:54:54: Qinit: 10 | Qround: 4 | Qmax: 100
13:54:54: Efficiency given elicited bids from iteration 0-1: 0.7712503822794006

14:01:41: INFO
14:01:41: -----------------------------------------------
14:01:41: Seed Auction Instance: 74687
14:01:41: Iteration of MLCA: 3
14:01:41: Number of Elicited Bids:
14:01:41: Bidder_0: 18
14:01:41: Bidder_1: 18
14:01:41: Bidder_2: 18
14:01:41: Bidder_3: 18
14:01:41: Bidder_4: 18
14:01:41: Bidder_5: 18
14:01:41: Qinit: 10 | Qround: 4 | Qmax: 100
14:01:41: Efficiency given elicited bids from iteration 0-2: 0.7820105857898613

14:08:48: INFO
14:08:48: -----------------------------------------------
14:08:48: Seed Auction Instance: 74687
14:08:48: Iteration of MLCA: 4
14:08:48: Number of Elicited Bids:
14:08:48: Bidder_0: 22
14:08:48: Bidder_1: 22
14:08:48: Bidder_2: 22
14:08:48: Bidder_3: 22
14:08:48: Bidder_4: 22
14:08:48: Bidder_5: 22
14:08:48: Qinit: 10 | Qround: 4 | Qmax: 100
14:08:48: Efficiency given elicited bids from iteration 0-3: 0.8458557605416515

14:15:16: Already elicited bundle returned.
14:15:16: -----------------------------------------------
14:15:16: NOT SUCCESSFULLY SOLVED in attempt: 1 

14:15:16: FOR REASON: Already elicited bundle returned.
14:15:16: <mlca_src.gurobi_wrapper.SolveDetails object at 0x79974be44850>
14:17:30: INFO
14:17:30: -----------------------------------------------
14:17:30: Seed Auction Instance: 74687
14:17:30: Iteration of MLCA: 5
14:17:30: Number of Elicited Bids:
14:17:30: Bidder_0: 26
14:17:30: Bidder_1: 26
14:17:30: Bidder_2: 26
14:17:30: Bidder_3: 26
14:17:30: Bidder_4: 26
14:17:30: Bidder_5: 26
14:17:30: Qinit: 10 | Qround: 4 | Qmax: 100
14:17:30: Efficiency given elicited bids from iteration 0-4: 0.8458557605416515

14:25:58: INFO
14:25:58: -----------------------------------------------
14:25:58: Seed Auction Instance: 74687
14:25:58: Iteration of MLCA: 6
14:25:58: Number of Elicited Bids:
14:25:58: Bidder_0: 30
14:25:58: Bidder_1: 30
14:25:58: Bidder_2: 30
14:25:58: Bidder_3: 30
14:25:58: Bidder_4: 30
14:25:58: Bidder_5: 30
14:25:58: Qinit: 10 | Qround: 4 | Qmax: 100
14:25:58: Efficiency given elicited bids from iteration 0-5: 0.8939901695657262

14:33:33: INFO
14:33:33: -----------------------------------------------
14:33:33: Seed Auction Instance: 74687
14:33:33: Iteration of MLCA: 7
14:33:33: Number of Elicited Bids:
14:33:33: Bidder_0: 34
14:33:33: Bidder_1: 34
14:33:33: Bidder_2: 34
14:33:33: Bidder_3: 34
14:33:33: Bidder_4: 34
14:33:33: Bidder_5: 34
14:33:33: Qinit: 10 | Qround: 4 | Qmax: 100
14:33:33: Efficiency given elicited bids from iteration 0-6: 0.9300339542533472

14:39:44: INFO
14:39:44: -----------------------------------------------
14:39:44: Seed Auction Instance: 74687
14:39:44: Iteration of MLCA: 8
14:39:44: Number of Elicited Bids:
14:39:44: Bidder_0: 38
14:39:44: Bidder_1: 38
14:39:44: Bidder_2: 38
14:39:44: Bidder_3: 38
14:39:44: Bidder_4: 38
14:39:44: Bidder_5: 38
14:39:44: Qinit: 10 | Qround: 4 | Qmax: 100
14:39:44: Efficiency given elicited bids from iteration 0-7: 0.9300339542533472

14:44:51: Already elicited bundle returned.
14:44:51: -----------------------------------------------
14:44:51: NOT SUCCESSFULLY SOLVED in attempt: 1 

14:44:51: FOR REASON: Already elicited bundle returned.
14:44:51: <mlca_src.gurobi_wrapper.SolveDetails object at 0x799748f7ea50>
14:45:46: INFO
14:45:46: -----------------------------------------------
14:45:46: Seed Auction Instance: 74687
14:45:46: Iteration of MLCA: 9
14:45:46: Number of Elicited Bids:
14:45:46: Bidder_0: 42
14:45:46: Bidder_1: 42
14:45:46: Bidder_2: 42
14:45:46: Bidder_3: 42
14:45:46: Bidder_4: 42
14:45:46: Bidder_5: 42
14:45:46: Qinit: 10 | Qround: 4 | Qmax: 100
14:45:46: Efficiency given elicited bids from iteration 0-8: 0.9300339542533472

14:52:06: INFO
14:52:06: -----------------------------------------------
14:52:06: Seed Auction Instance: 74687
14:52:06: Iteration of MLCA: 10
14:52:06: Number of Elicited Bids:
14:52:06: Bidder_0: 46
14:52:06: Bidder_1: 46
14:52:06: Bidder_2: 46
14:52:06: Bidder_3: 46
14:52:06: Bidder_4: 46
14:52:06: Bidder_5: 46
14:52:06: Qinit: 10 | Qround: 4 | Qmax: 100
14:52:06: Efficiency given elicited bids from iteration 0-9: 0.9300339542533472

14:56:49: Already elicited bundle returned.
14:56:49: -----------------------------------------------
14:56:49: NOT SUCCESSFULLY SOLVED in attempt: 1 

14:56:49: FOR REASON: Already elicited bundle returned.
14:56:49: <mlca_src.gurobi_wrapper.SolveDetails object at 0x79974a6cfcd0>
14:59:02: INFO
14:59:02: -----------------------------------------------
14:59:02: Seed Auction Instance: 74687
14:59:02: Iteration of MLCA: 11
14:59:02: Number of Elicited Bids:
14:59:02: Bidder_0: 50
14:59:02: Bidder_1: 50
14:59:02: Bidder_2: 50
14:59:02: Bidder_3: 50
14:59:02: Bidder_4: 50
14:59:02: Bidder_5: 50
14:59:02: Qinit: 10 | Qround: 4 | Qmax: 100
14:59:02: Efficiency given elicited bids from iteration 0-10: 0.9300339542533472

15:05:26: INFO
15:05:26: -----------------------------------------------
15:05:26: Seed Auction Instance: 74687
15:05:26: Iteration of MLCA: 12
15:05:26: Number of Elicited Bids:
15:05:26: Bidder_0: 54
15:05:26: Bidder_1: 54
15:05:26: Bidder_2: 54
15:05:26: Bidder_3: 54
15:05:26: Bidder_4: 54
15:05:26: Bidder_5: 54
15:05:26: Qinit: 10 | Qround: 4 | Qmax: 100
15:05:26: Efficiency given elicited bids from iteration 0-11: 0.9300339542533472

15:12:10: INFO
15:12:10: -----------------------------------------------
15:12:10: Seed Auction Instance: 74687
15:12:10: Iteration of MLCA: 13
15:12:10: Number of Elicited Bids:
15:12:10: Bidder_0: 58
15:12:10: Bidder_1: 58
15:12:10: Bidder_2: 58
15:12:10: Bidder_3: 58
15:12:10: Bidder_4: 58
15:12:10: Bidder_5: 58
15:12:10: Qinit: 10 | Qround: 4 | Qmax: 100
15:12:10: Efficiency given elicited bids from iteration 0-12: 0.9300339542533472

15:19:12: Already elicited bundle returned.
15:19:12: -----------------------------------------------
15:19:12: NOT SUCCESSFULLY SOLVED in attempt: 1 

15:19:12: FOR REASON: Already elicited bundle returned.
15:19:12: <mlca_src.gurobi_wrapper.SolveDetails object at 0x79974be6b950>
15:20:17: INFO
15:20:17: -----------------------------------------------
15:20:17: Seed Auction Instance: 74687
15:20:17: Iteration of MLCA: 14
15:20:17: Number of Elicited Bids:
15:20:17: Bidder_0: 62
15:20:17: Bidder_1: 62
15:20:17: Bidder_2: 62
15:20:17: Bidder_3: 62
15:20:17: Bidder_4: 62
15:20:17: Bidder_5: 62
15:20:17: Qinit: 10 | Qround: 4 | Qmax: 100
15:20:17: Efficiency given elicited bids from iteration 0-13: 0.9638154016332187

15:27:39: INFO
15:27:39: -----------------------------------------------
15:27:39: Seed Auction Instance: 74687
15:27:39: Iteration of MLCA: 15
15:27:39: Number of Elicited Bids:
15:27:39: Bidder_0: 66
15:27:39: Bidder_1: 66
15:27:39: Bidder_2: 66
15:27:39: Bidder_3: 66
15:27:39: Bidder_4: 66
15:27:39: Bidder_5: 66
15:27:39: Qinit: 10 | Qround: 4 | Qmax: 100
15:27:39: Efficiency given elicited bids from iteration 0-14: 0.9638154016332187

15:31:52: Already elicited bundle returned.
15:31:52: -----------------------------------------------
15:31:52: NOT SUCCESSFULLY SOLVED in attempt: 1 

15:31:52: FOR REASON: Already elicited bundle returned.
15:31:52: <mlca_src.gurobi_wrapper.SolveDetails object at 0x79974d67cf10>
15:34:04: Already elicited bundle returned.
15:34:04: -----------------------------------------------
15:34:04: NOT SUCCESSFULLY SOLVED in attempt: 1 

15:34:04: FOR REASON: Already elicited bundle returned.
15:34:04: <mlca_src.gurobi_wrapper.SolveDetails object at 0x79974c6649d0>
15:37:49: INFO
15:37:49: -----------------------------------------------
15:37:49: Seed Auction Instance: 74687
15:37:49: Iteration of MLCA: 16
15:37:49: Number of Elicited Bids:
15:37:49: Bidder_0: 70
15:37:49: Bidder_1: 70
15:37:49: Bidder_2: 70
15:37:49: Bidder_3: 70
15:37:49: Bidder_4: 70
15:37:49: Bidder_5: 70
15:37:49: Qinit: 10 | Qround: 4 | Qmax: 100
15:37:49: Efficiency given elicited bids from iteration 0-15: 0.9638154016332187

15:44:49: Already elicited bundle returned.
15:44:49: -----------------------------------------------
15:44:49: NOT SUCCESSFULLY SOLVED in attempt: 1 

15:44:49: FOR REASON: Already elicited bundle returned.
15:44:49: <mlca_src.gurobi_wrapper.SolveDetails object at 0x799749ad3ad0>
15:46:07: Already elicited bundle returned.
15:46:07: -----------------------------------------------
15:46:07: NOT SUCCESSFULLY SOLVED in attempt: 1 

15:46:07: FOR REASON: Already elicited bundle returned.
15:46:07: <mlca_src.gurobi_wrapper.SolveDetails object at 0x799749266d90>
15:47:40: INFO
15:47:40: -----------------------------------------------
15:47:40: Seed Auction Instance: 74687
15:47:40: Iteration of MLCA: 17
15:47:40: Number of Elicited Bids:
15:47:40: Bidder_0: 74
15:47:40: Bidder_1: 74
15:47:40: Bidder_2: 74
15:47:40: Bidder_3: 74
15:47:40: Bidder_4: 74
15:47:40: Bidder_5: 74
15:47:40: Qinit: 10 | Qround: 4 | Qmax: 100
15:47:40: Efficiency given elicited bids from iteration 0-16: 0.9638154016332187

15:54:39: Already elicited bundle returned.
15:54:39: -----------------------------------------------
15:54:39: NOT SUCCESSFULLY SOLVED in attempt: 1 

15:54:39: FOR REASON: Already elicited bundle returned.
15:54:39: <mlca_src.gurobi_wrapper.SolveDetails object at 0x79974d699050>
15:57:25: INFO
15:57:25: -----------------------------------------------
15:57:25: Seed Auction Instance: 74687
15:57:25: Iteration of MLCA: 18
15:57:25: Number of Elicited Bids:
15:57:25: Bidder_0: 78
15:57:25: Bidder_1: 78
15:57:25: Bidder_2: 78
15:57:25: Bidder_3: 78
15:57:25: Bidder_4: 78
15:57:25: Bidder_5: 78
15:57:25: Qinit: 10 | Qround: 4 | Qmax: 100
15:57:25: Efficiency given elicited bids from iteration 0-17: 0.9638154016332187

15:59:54: Already elicited bundle returned.
15:59:54: -----------------------------------------------
15:59:54: NOT SUCCESSFULLY SOLVED in attempt: 1 

15:59:54: FOR REASON: Already elicited bundle returned.
15:59:54: <mlca_src.gurobi_wrapper.SolveDetails object at 0x79974caf60d0>
16:08:03: INFO
16:08:03: -----------------------------------------------
16:08:03: Seed Auction Instance: 74687
16:08:03: Iteration of MLCA: 19
16:08:03: Number of Elicited Bids:
16:08:03: Bidder_0: 82
16:08:03: Bidder_1: 82
16:08:03: Bidder_2: 82
16:08:03: Bidder_3: 82
16:08:03: Bidder_4: 82
16:08:03: Bidder_5: 82
16:08:03: Qinit: 10 | Qround: 4 | Qmax: 100
16:08:03: Efficiency given elicited bids from iteration 0-18: 0.9638154016332187

16:16:40: SUMMARY
16:16:40: -----------------------------------------------
16:16:40: Seed Auction Instance: 74687
16:16:40: Iteration of MLCA: 19
16:16:40: Number of Elicited Bids:
16:16:40: Bidder_0: 86
16:16:40: Bidder_1: 86
16:16:40: Bidder_2: 86
16:16:40: Bidder_3: 86
16:16:40: Bidder_4: 86
16:16:40: Bidder_5: 86
16:16:40: Qinit: 10 | Qround: 4 | Qmax: 100
16:16:40: TOTAL VARIABLES FORMULATED: 570143
16:16:40: TOTAL CONSTRAINTS FORMULATED: 1052551
16:16:40: RELATIVE REVENUE: 0.6752922103761271
16:16:40: NORMAL OPTIMIZATIONS: 70/ BIDDER SPECIFIC: 386
16:16:40: EFFICIENCY: 100.0 %
16:16:40: TOTAL TIME ELAPSED: 0d 2h:27m:53s
16:16:40: MLCA FINISHED
16:16:43: START MLCA:
16:16:43: -----------------------------------------------
16:16:43: Model: GSVM
16:16:43: Seed SATS Instance: 74687
16:16:43: Qinit: 10
16:16:43: Qmax: 100
16:16:43: Qround: 4

16:16:43: Instantiate SATS Instance
16:16:44: ####### ATTENTION #######
16:16:44: isLegacyGSVM: False
16:16:44: #########################

16:16:46: INFO
16:16:46: -----------------------------------------------
16:16:46: Seed Auction Instance: 74687
16:16:46: Iteration of MLCA: 1
16:16:46: Number of Elicited Bids:
16:16:46: Bidder_0: 10
16:16:46: Bidder_1: 10
16:16:46: Bidder_2: 10
16:16:46: Bidder_3: 10
16:16:46: Bidder_4: 10
16:16:46: Bidder_5: 10
16:16:46: Bidder_6: 10
16:16:46: Qinit: 10 | Qround: 4 | Qmax: 100
16:16:46: Efficiency given elicited bids from iteration 0-0: 2.749011068145649

16:18:13: INFO
16:18:13: -----------------------------------------------
16:18:13: Seed Auction Instance: 74687
16:18:13: Iteration of MLCA: 2
16:18:13: Number of Elicited Bids:
16:18:13: Bidder_0: 14
16:18:13: Bidder_1: 14
16:18:13: Bidder_2: 14
16:18:13: Bidder_3: 14
16:18:13: Bidder_4: 14
16:18:13: Bidder_5: 14
16:18:13: Bidder_6: 14
16:18:13: Qinit: 10 | Qround: 4 | Qmax: 100
16:18:13: Efficiency given elicited bids from iteration 0-1: 4.421543663723048

16:19:59: INFO
16:19:59: -----------------------------------------------
16:19:59: Seed Auction Instance: 74687
16:19:59: Iteration of MLCA: 3
16:19:59: Number of Elicited Bids:
16:19:59: Bidder_0: 18
16:19:59: Bidder_1: 18
16:19:59: Bidder_2: 18
16:19:59: Bidder_3: 18
16:19:59: Bidder_4: 18
16:19:59: Bidder_5: 18
16:19:59: Bidder_6: 18
16:19:59: Qinit: 10 | Qround: 4 | Qmax: 100
16:19:59: Efficiency given elicited bids from iteration 0-2: 4.701513191175223

16:22:13: INFO
16:22:13: -----------------------------------------------
16:22:13: Seed Auction Instance: 74687
16:22:13: Iteration of MLCA: 4
16:22:13: Number of Elicited Bids:
16:22:13: Bidder_0: 22
16:22:13: Bidder_1: 22
16:22:13: Bidder_2: 22
16:22:13: Bidder_3: 22
16:22:13: Bidder_4: 22
16:22:13: Bidder_5: 22
16:22:13: Bidder_6: 22
16:22:13: Qinit: 10 | Qround: 4 | Qmax: 100
16:22:13: Efficiency given elicited bids from iteration 0-3: 4.750959576499189

16:24:42: INFO
16:24:42: -----------------------------------------------
16:24:42: Seed Auction Instance: 74687
16:24:42: Iteration of MLCA: 5
16:24:42: Number of Elicited Bids:
16:24:42: Bidder_0: 26
16:24:42: Bidder_1: 26
16:24:42: Bidder_2: 26
16:24:42: Bidder_3: 26
16:24:42: Bidder_4: 26
16:24:42: Bidder_5: 26
16:24:42: Bidder_6: 26
16:24:42: Qinit: 10 | Qround: 4 | Qmax: 100
16:24:42: Efficiency given elicited bids from iteration 0-4: 4.750959576499189

16:27:52: INFO
16:27:52: -----------------------------------------------
16:27:52: Seed Auction Instance: 74687
16:27:52: Iteration of MLCA: 6
16:27:52: Number of Elicited Bids:
16:27:52: Bidder_0: 30
16:27:52: Bidder_1: 30
16:27:52: Bidder_2: 30
16:27:52: Bidder_3: 30
16:27:52: Bidder_4: 30
16:27:52: Bidder_5: 30
16:27:52: Bidder_6: 30
16:27:52: Qinit: 10 | Qround: 4 | Qmax: 100
16:27:52: Efficiency given elicited bids from iteration 0-5: 4.750959576499189

16:31:53: INFO
16:31:53: -----------------------------------------------
16:31:53: Seed Auction Instance: 74687
16:31:53: Iteration of MLCA: 7
16:31:53: Number of Elicited Bids:
16:31:53: Bidder_0: 34
16:31:53: Bidder_1: 34
16:31:53: Bidder_2: 34
16:31:53: Bidder_3: 34
16:31:53: Bidder_4: 34
16:31:53: Bidder_5: 34
16:31:53: Bidder_6: 34
16:31:53: Qinit: 10 | Qround: 4 | Qmax: 100
16:31:53: Efficiency given elicited bids from iteration 0-6: 4.750959576499189

16:36:43: INFO
16:36:43: -----------------------------------------------
16:36:43: Seed Auction Instance: 74687
16:36:43: Iteration of MLCA: 8
16:36:43: Number of Elicited Bids:
16:36:43: Bidder_0: 38
16:36:43: Bidder_1: 38
16:36:43: Bidder_2: 38
16:36:43: Bidder_3: 38
16:36:43: Bidder_4: 38
16:36:43: Bidder_5: 38
16:36:43: Bidder_6: 38
16:36:43: Qinit: 10 | Qround: 4 | Qmax: 100
16:36:43: Efficiency given elicited bids from iteration 0-7: 4.750959576499189

16:42:02: INFO
16:42:02: -----------------------------------------------
16:42:02: Seed Auction Instance: 74687
16:42:02: Iteration of MLCA: 9
16:42:02: Number of Elicited Bids:
16:42:02: Bidder_0: 42
16:42:02: Bidder_1: 42
16:42:02: Bidder_2: 42
16:42:02: Bidder_3: 42
16:42:02: Bidder_4: 42
16:42:02: Bidder_5: 42
16:42:02: Bidder_6: 42
16:42:02: Qinit: 10 | Qround: 4 | Qmax: 100
16:42:02: Efficiency given elicited bids from iteration 0-8: 4.750959576499189

16:47:48: INFO
16:47:48: -----------------------------------------------
16:47:48: Seed Auction Instance: 74687
16:47:48: Iteration of MLCA: 10
16:47:48: Number of Elicited Bids:
16:47:48: Bidder_0: 46
16:47:48: Bidder_1: 46
16:47:48: Bidder_2: 46
16:47:48: Bidder_3: 46
16:47:48: Bidder_4: 46
16:47:48: Bidder_5: 46
16:47:48: Bidder_6: 46
16:47:48: Qinit: 10 | Qround: 4 | Qmax: 100
16:47:48: Efficiency given elicited bids from iteration 0-9: 4.757041059702621

16:54:27: INFO
16:54:27: -----------------------------------------------
16:54:27: Seed Auction Instance: 74687
16:54:27: Iteration of MLCA: 11
16:54:27: Number of Elicited Bids:
16:54:27: Bidder_0: 50
16:54:27: Bidder_1: 50
16:54:27: Bidder_2: 50
16:54:27: Bidder_3: 50
16:54:27: Bidder_4: 50
16:54:27: Bidder_5: 50
16:54:27: Bidder_6: 50
16:54:27: Qinit: 10 | Qround: 4 | Qmax: 100
16:54:27: Efficiency given elicited bids from iteration 0-10: 4.757041059702621

17:01:09: INFO
17:01:09: -----------------------------------------------
17:01:09: Seed Auction Instance: 74687
17:01:09: Iteration of MLCA: 12
17:01:09: Number of Elicited Bids:
17:01:09: Bidder_0: 54
17:01:09: Bidder_1: 54
17:01:09: Bidder_2: 54
17:01:09: Bidder_3: 54
17:01:09: Bidder_4: 54
17:01:09: Bidder_5: 54
17:01:09: Bidder_6: 54
17:01:09: Qinit: 10 | Qround: 4 | Qmax: 100
17:01:09: Efficiency given elicited bids from iteration 0-11: 4.757041059702621

17:09:18: INFO
17:09:18: -----------------------------------------------
17:09:18: Seed Auction Instance: 74687
17:09:18: Iteration of MLCA: 13
17:09:18: Number of Elicited Bids:
17:09:18: Bidder_0: 58
17:09:18: Bidder_1: 58
17:09:18: Bidder_2: 58
17:09:18: Bidder_3: 58
17:09:18: Bidder_4: 58
17:09:18: Bidder_5: 58
17:09:18: Bidder_6: 58
17:09:18: Qinit: 10 | Qround: 4 | Qmax: 100
17:09:18: Efficiency given elicited bids from iteration 0-12: 4.757041059702621

17:16:21: INFO
17:16:21: -----------------------------------------------
17:16:21: Seed Auction Instance: 74687
17:16:21: Iteration of MLCA: 14
17:16:21: Number of Elicited Bids:
17:16:21: Bidder_0: 62
17:16:21: Bidder_1: 62
17:16:21: Bidder_2: 62
17:16:21: Bidder_3: 62
17:16:21: Bidder_4: 62
17:16:21: Bidder_5: 62
17:16:21: Bidder_6: 62
17:16:21: Qinit: 10 | Qround: 4 | Qmax: 100
17:16:21: Efficiency given elicited bids from iteration 0-13: 4.757041059702621

17:24:50: INFO
17:24:50: -----------------------------------------------
17:24:50: Seed Auction Instance: 74687
17:24:50: Iteration of MLCA: 15
17:24:50: Number of Elicited Bids:
17:24:50: Bidder_0: 66
17:24:50: Bidder_1: 66
17:24:50: Bidder_2: 66
17:24:50: Bidder_3: 66
17:24:50: Bidder_4: 66
17:24:50: Bidder_5: 66
17:24:50: Bidder_6: 66
17:24:50: Qinit: 10 | Qround: 4 | Qmax: 100
17:24:50: Efficiency given elicited bids from iteration 0-14: 4.757041059702621

17:33:44: INFO
17:33:44: -----------------------------------------------
17:33:44: Seed Auction Instance: 74687
17:33:44: Iteration of MLCA: 16
17:33:44: Number of Elicited Bids:
17:33:44: Bidder_0: 70
17:33:44: Bidder_1: 70
17:33:44: Bidder_2: 70
17:33:44: Bidder_3: 70
17:33:44: Bidder_4: 70
17:33:44: Bidder_5: 70
17:33:44: Bidder_6: 70
17:33:44: Qinit: 10 | Qround: 4 | Qmax: 100
17:33:44: Efficiency given elicited bids from iteration 0-15: 4.757041059702621

17:43:07: INFO
17:43:07: -----------------------------------------------
17:43:07: Seed Auction Instance: 74687
17:43:07: Iteration of MLCA: 17
17:43:07: Number of Elicited Bids:
17:43:07: Bidder_0: 74
17:43:07: Bidder_1: 74
17:43:07: Bidder_2: 74
17:43:07: Bidder_3: 74
17:43:07: Bidder_4: 74
17:43:07: Bidder_5: 74
17:43:07: Bidder_6: 74
17:43:07: Qinit: 10 | Qround: 4 | Qmax: 100
17:43:07: Efficiency given elicited bids from iteration 0-16: 4.757041059702621

17:52:44: INFO
17:52:44: -----------------------------------------------
17:52:44: Seed Auction Instance: 74687
17:52:44: Iteration of MLCA: 18
17:52:44: Number of Elicited Bids:
17:52:44: Bidder_0: 78
17:52:44: Bidder_1: 78
17:52:44: Bidder_2: 78
17:52:44: Bidder_3: 78
17:52:44: Bidder_4: 78
17:52:44: Bidder_5: 78
17:52:44: Bidder_6: 78
17:52:44: Qinit: 10 | Qround: 4 | Qmax: 100
17:52:44: Efficiency given elicited bids from iteration 0-17: 4.757041059702621

18:02:29: INFO
18:02:29: -----------------------------------------------
18:02:29: Seed Auction Instance: 74687
18:02:29: Iteration of MLCA: 19
18:02:29: Number of Elicited Bids:
18:02:29: Bidder_0: 82
18:02:29: Bidder_1: 82
18:02:29: Bidder_2: 82
18:02:29: Bidder_3: 82
18:02:29: Bidder_4: 82
18:02:29: Bidder_5: 82
18:02:29: Bidder_6: 82
18:02:29: Qinit: 10 | Qround: 4 | Qmax: 100
18:02:29: Efficiency given elicited bids from iteration 0-18: 4.757041059702621

18:12:15: INFO
18:12:15: -----------------------------------------------
18:12:15: Seed Auction Instance: 74687
18:12:15: Iteration of MLCA: 20
18:12:15: Number of Elicited Bids:
18:12:15: Bidder_0: 86
18:12:15: Bidder_1: 86
18:12:15: Bidder_2: 86
18:12:15: Bidder_3: 86
18:12:15: Bidder_4: 86
18:12:15: Bidder_5: 86
18:12:15: Bidder_6: 86
18:12:15: Qinit: 10 | Qround: 4 | Qmax: 100
18:12:15: Efficiency given elicited bids from iteration 0-19: 4.757041059702621

18:22:44: INFO
18:22:44: -----------------------------------------------
18:22:44: Seed Auction Instance: 74687
18:22:44: Iteration of MLCA: 21
18:22:44: Number of Elicited Bids:
18:22:44: Bidder_0: 90
18:22:44: Bidder_1: 90
18:22:44: Bidder_2: 90
18:22:44: Bidder_3: 90
18:22:44: Bidder_4: 90
18:22:44: Bidder_5: 90
18:22:44: Bidder_6: 90
18:22:44: Qinit: 10 | Qround: 4 | Qmax: 100
18:22:44: Efficiency given elicited bids from iteration 0-20: 4.757041059702621

18:33:56: INFO
18:33:56: -----------------------------------------------
18:33:56: Seed Auction Instance: 74687
18:33:56: Iteration of MLCA: 22
18:33:56: Number of Elicited Bids:
18:33:56: Bidder_0: 94
18:33:56: Bidder_1: 94
18:33:56: Bidder_2: 94
18:33:56: Bidder_3: 94
18:33:56: Bidder_4: 94
18:33:56: Bidder_5: 94
18:33:56: Bidder_6: 94
18:33:56: Qinit: 10 | Qround: 4 | Qmax: 100
18:33:56: Efficiency given elicited bids from iteration 0-21: 4.757041059702621

18:45:54: SUMMARY
18:45:54: -----------------------------------------------
18:45:54: Seed Auction Instance: 74687
18:45:54: Iteration of MLCA: 22
18:45:54: Number of Elicited Bids:
18:45:54: Bidder_0: 98
18:45:54: Bidder_1: 98
18:45:54: Bidder_2: 98
18:45:54: Bidder_3: 98
18:45:54: Bidder_4: 98
18:45:54: Bidder_5: 98
18:45:54: Bidder_6: 98
18:45:54: Qinit: 10 | Qround: 4 | Qmax: 100
18:45:54: TOTAL VARIABLES FORMULATED: 891581
18:45:54: TOTAL CONSTRAINTS FORMULATED: 845126
18:45:54: RELATIVE REVENUE: 4.074694353318086
18:45:54: NORMAL OPTIMIZATIONS: 34/ BIDDER SPECIFIC: 582
18:45:54: EFFICIENCY: 475.7 %
18:45:54: TOTAL TIME ELAPSED: 0d 2h:29m:11s
18:45:54: MLCA FINISHED
18:45:57: START MLCA:
18:45:57: -----------------------------------------------
18:45:57: Model: LSVM
18:45:57: Seed SATS Instance: 74687
18:45:57: Qinit: 10
18:45:57: Qmax: 100
18:45:57: Qround: 4

18:45:57: Instantiate SATS Instance
18:45:58: ####### ATTENTION #######
18:45:58: isLegacyLSVM: False
18:45:58: #########################

18:45:58: INFO
18:45:58: -----------------------------------------------
18:45:58: Seed Auction Instance: 74687
18:45:58: Iteration of MLCA: 1
18:45:58: Number of Elicited Bids:
18:45:58: Bidder_0: 10
18:45:58: Bidder_1: 10
18:45:58: Bidder_2: 10
18:45:58: Bidder_3: 10
18:45:58: Bidder_4: 10
18:45:58: Bidder_5: 10
18:45:58: Qinit: 10 | Qround: 4 | Qmax: 100
18:45:58: Efficiency given elicited bids from iteration 0-0: 0.6073883957507191

18:48:20: INFO
18:48:20: -----------------------------------------------
18:48:20: Seed Auction Instance: 74687
18:48:20: Iteration of MLCA: 2
18:48:20: Number of Elicited Bids:
18:48:20: Bidder_0: 14
18:48:20: Bidder_1: 14
18:48:20: Bidder_2: 14
18:48:20: Bidder_3: 14
18:48:20: Bidder_4: 14
18:48:20: Bidder_5: 14
18:48:20: Qinit: 10 | Qround: 4 | Qmax: 100
18:48:20: Efficiency given elicited bids from iteration 0-1: 0.7179951821677975

18:51:39: INFO
18:51:39: -----------------------------------------------
18:51:39: Seed Auction Instance: 74687
18:51:39: Iteration of MLCA: 3
18:51:39: Number of Elicited Bids:
18:51:39: Bidder_0: 18
18:51:39: Bidder_1: 18
18:51:39: Bidder_2: 18
18:51:39: Bidder_3: 18
18:51:39: Bidder_4: 18
18:51:39: Bidder_5: 18
18:51:39: Qinit: 10 | Qround: 4 | Qmax: 100
18:51:39: Efficiency given elicited bids from iteration 0-2: 0.7577892483472382

18:55:25: INFO
18:55:25: -----------------------------------------------
18:55:25: Seed Auction Instance: 74687
18:55:25: Iteration of MLCA: 4
18:55:25: Number of Elicited Bids:
18:55:25: Bidder_0: 22
18:55:25: Bidder_1: 22
18:55:25: Bidder_2: 22
18:55:25: Bidder_3: 22
18:55:25: Bidder_4: 22
18:55:25: Bidder_5: 22
18:55:25: Qinit: 10 | Qround: 4 | Qmax: 100
18:55:25: Efficiency given elicited bids from iteration 0-3: 0.7577892483472382

18:59:37: INFO
18:59:37: -----------------------------------------------
18:59:37: Seed Auction Instance: 74687
18:59:37: Iteration of MLCA: 5
18:59:37: Number of Elicited Bids:
18:59:37: Bidder_0: 26
18:59:37: Bidder_1: 26
18:59:37: Bidder_2: 26
18:59:37: Bidder_3: 26
18:59:37: Bidder_4: 26
18:59:37: Bidder_5: 26
18:59:37: Qinit: 10 | Qround: 4 | Qmax: 100
18:59:37: Efficiency given elicited bids from iteration 0-4: 0.7932541152426859

19:04:22: INFO
19:04:22: -----------------------------------------------
19:04:22: Seed Auction Instance: 74687
19:04:22: Iteration of MLCA: 6
19:04:22: Number of Elicited Bids:
19:04:22: Bidder_0: 30
19:04:22: Bidder_1: 30
19:04:22: Bidder_2: 30
19:04:22: Bidder_3: 30
19:04:22: Bidder_4: 30
19:04:22: Bidder_5: 30
19:04:22: Qinit: 10 | Qround: 4 | Qmax: 100
19:04:22: Efficiency given elicited bids from iteration 0-5: 0.8408560380631623

19:09:52: INFO
19:09:52: -----------------------------------------------
19:09:52: Seed Auction Instance: 74687
19:09:52: Iteration of MLCA: 7
19:09:52: Number of Elicited Bids:
19:09:52: Bidder_0: 34
19:09:52: Bidder_1: 34
19:09:52: Bidder_2: 34
19:09:52: Bidder_3: 34
19:09:52: Bidder_4: 34
19:09:52: Bidder_5: 34
19:09:52: Qinit: 10 | Qround: 4 | Qmax: 100
19:09:52: Efficiency given elicited bids from iteration 0-6: 0.8516977024328828

19:15:59: INFO
19:15:59: -----------------------------------------------
19:15:59: Seed Auction Instance: 74687
19:15:59: Iteration of MLCA: 8
19:15:59: Number of Elicited Bids:
19:15:59: Bidder_0: 38
19:15:59: Bidder_1: 38
19:15:59: Bidder_2: 38
19:15:59: Bidder_3: 38
19:15:59: Bidder_4: 38
19:15:59: Bidder_5: 38
19:15:59: Qinit: 10 | Qround: 4 | Qmax: 100
19:15:59: Efficiency given elicited bids from iteration 0-7: 0.9120766908041786

19:22:41: INFO
19:22:41: -----------------------------------------------
19:22:41: Seed Auction Instance: 74687
19:22:41: Iteration of MLCA: 9
19:22:41: Number of Elicited Bids:
19:22:41: Bidder_0: 42
19:22:41: Bidder_1: 42
19:22:41: Bidder_2: 42
19:22:41: Bidder_3: 42
19:22:41: Bidder_4: 42
19:22:41: Bidder_5: 42
19:22:41: Qinit: 10 | Qround: 4 | Qmax: 100
19:22:41: Efficiency given elicited bids from iteration 0-8: 0.9120766908041786

19:30:38: INFO
19:30:38: -----------------------------------------------
19:30:38: Seed Auction Instance: 74687
19:30:38: Iteration of MLCA: 10
19:30:38: Number of Elicited Bids:
19:30:38: Bidder_0: 46
19:30:38: Bidder_1: 46
19:30:38: Bidder_2: 46
19:30:38: Bidder_3: 46
19:30:38: Bidder_4: 46
19:30:38: Bidder_5: 46
19:30:38: Qinit: 10 | Qround: 4 | Qmax: 100
19:30:38: Efficiency given elicited bids from iteration 0-9: 0.9120766908041786

19:39:12: INFO
19:39:12: -----------------------------------------------
19:39:12: Seed Auction Instance: 74687
19:39:12: Iteration of MLCA: 11
19:39:12: Number of Elicited Bids:
19:39:12: Bidder_0: 50
19:39:12: Bidder_1: 50
19:39:12: Bidder_2: 50
19:39:12: Bidder_3: 50
19:39:12: Bidder_4: 50
19:39:12: Bidder_5: 50
19:39:12: Qinit: 10 | Qround: 4 | Qmax: 100
19:39:12: Efficiency given elicited bids from iteration 0-10: 0.9120766908041786

19:47:36: INFO
19:47:36: -----------------------------------------------
19:47:36: Seed Auction Instance: 74687
19:47:36: Iteration of MLCA: 12
19:47:36: Number of Elicited Bids:
19:47:36: Bidder_0: 54
19:47:36: Bidder_1: 54
19:47:36: Bidder_2: 54
19:47:36: Bidder_3: 54
19:47:36: Bidder_4: 54
19:47:36: Bidder_5: 54
19:47:36: Qinit: 10 | Qround: 4 | Qmax: 100
19:47:36: Efficiency given elicited bids from iteration 0-11: 0.928249887732517

19:56:37: INFO
19:56:37: -----------------------------------------------
19:56:37: Seed Auction Instance: 74687
19:56:37: Iteration of MLCA: 13
19:56:37: Number of Elicited Bids:
19:56:37: Bidder_0: 58
19:56:37: Bidder_1: 58
19:56:37: Bidder_2: 58
19:56:37: Bidder_3: 58
19:56:37: Bidder_4: 58
19:56:37: Bidder_5: 58
19:56:37: Qinit: 10 | Qround: 4 | Qmax: 100
19:56:37: Efficiency given elicited bids from iteration 0-12: 0.9638138279652945

20:05:44: INFO
20:05:44: -----------------------------------------------
20:05:44: Seed Auction Instance: 74687
20:05:44: Iteration of MLCA: 14
20:05:44: Number of Elicited Bids:
20:05:44: Bidder_0: 62
20:05:44: Bidder_1: 62
20:05:44: Bidder_2: 62
20:05:44: Bidder_3: 62
20:05:44: Bidder_4: 62
20:05:44: Bidder_5: 62
20:05:44: Qinit: 10 | Qround: 4 | Qmax: 100
20:05:44: Efficiency given elicited bids from iteration 0-13: 0.9793781366318738

20:15:28: SUMMARY
20:15:28: -----------------------------------------------
20:15:28: Seed Auction Instance: 74687
20:15:28: Iteration of MLCA: 14
20:15:28: Number of Elicited Bids:
20:15:28: Bidder_0: 66
20:15:28: Bidder_1: 66
20:15:28: Bidder_2: 66
20:15:28: Bidder_3: 66
20:15:28: Bidder_4: 66
20:15:28: Bidder_5: 66
20:15:28: Qinit: 10 | Qround: 4 | Qmax: 100
20:15:28: TOTAL VARIABLES FORMULATED: 298257
20:15:28: TOTAL CONSTRAINTS FORMULATED: 277034
20:15:28: RELATIVE REVENUE: 0.6380270228327903
20:15:28: NORMAL OPTIMIZATIONS: 94/ BIDDER SPECIFIC: 242
20:15:28: EFFICIENCY: 100.0 %
20:15:28: TOTAL TIME ELAPSED: 0d 1h:29m:31s
20:15:28: MLCA FINISHED
